Determining if the pthread_create exist failed with the following output:
Change Dir: /home/lyx/store/tutorial_2020/tasks/week3/ros_project/build/CMakeFiles/CMakeTmp

Run Build Command:"/usr/bin/make" "cmTC_4a951/fast"
/usr/bin/make -f CMakeFiles/cmTC_4a951.dir/build.make CMakeFiles/cmTC_4a951.dir/build
make[1]: 进入目录“/home/lyx/store/tutorial_2020/tasks/week3/ros_project/build/CMakeFiles/CMakeTmp”
Building C object CMakeFiles/cmTC_4a951.dir/CheckSymbolExists.c.o
/usr/bin/cc    -o CMakeFiles/cmTC_4a951.dir/CheckSymbolExists.c.o   -c /home/lyx/store/tutorial_2020/tasks/week3/ros_project/build/CMakeFiles/CMakeTmp/CheckSymbolExists.c
Linking C executable cmTC_4a951
/usr/local/bin/cmake -E cmake_link_script CMakeFiles/cmTC_4a951.dir/link.txt --verbose=1
/usr/bin/cc       CMakeFiles/cmTC_4a951.dir/CheckSymbolExists.c.o  -o cmTC_4a951 -rdynamic 
CMakeFiles/cmTC_4a951.dir/CheckSymbolExists.c.o：在函数‘main’中：
CheckSymbolExists.c:(.text+0x1b)：对‘pthread_create’未定义的引用
collect2: error: ld returned 1 exit status
CMakeFiles/cmTC_4a951.dir/build.make:97: recipe for target 'cmTC_4a951' failed
make[1]: 离开目录“/home/lyx/store/tutorial_2020/tasks/week3/ros_project/build/CMakeFiles/CMakeTmp”
make[1]: *** [cmTC_4a951] Error 1
Makefile:126: recipe for target 'cmTC_4a951/fast' failed
make: *** [cmTC_4a951/fast] Error 2

File /home/lyx/store/tutorial_2020/tasks/week3/ros_project/build/CMakeFiles/CMakeTmp/CheckSymbolExists.c:
/* */
#include <pthread.h>

int main(int argc, char** argv)
{
  (void)argv;
#ifndef pthread_create
  return ((int*)(&pthread_create))[argc];
#else
  (void)argc;
  return 0;
#endif
}

Determining if the function pthread_create exists in the pthreads failed with the following output:
Change Dir: /home/lyx/store/tutorial_2020/tasks/week3/ros_project/build/CMakeFiles/CMakeTmp

Run Build Command:"/usr/bin/make" "cmTC_8fb15/fast"
/usr/bin/make -f CMakeFiles/cmTC_8fb15.dir/build.make CMakeFiles/cmTC_8fb15.dir/build
make[1]: 进入目录“/home/lyx/store/tutorial_2020/tasks/week3/ros_project/build/CMakeFiles/CMakeTmp”
Building C object CMakeFiles/cmTC_8fb15.dir/CheckFunctionExists.c.o
/usr/bin/cc   -DCHECK_FUNCTION_EXISTS=pthread_create   -o CMakeFiles/cmTC_8fb15.dir/CheckFunctionExists.c.o   -c /usr/local/share/cmake-3.3/Modules/CheckFunctionExists.c
Linking C executable cmTC_8fb15
/usr/local/bin/cmake -E cmake_link_script CMakeFiles/cmTC_8fb15.dir/link.txt --verbose=1
/usr/bin/cc   -DCHECK_FUNCTION_EXISTS=pthread_create    CMakeFiles/cmTC_8fb15.dir/CheckFunctionExists.c.o  -o cmTC_8fb15 -rdynamic -lpthreads 
/usr/bin/ld: 找不到 -lpthreads
collect2: error: ld returned 1 exit status
CMakeFiles/cmTC_8fb15.dir/build.make:97: recipe for target 'cmTC_8fb15' failed
make[1]: 离开目录“/home/lyx/store/tutorial_2020/tasks/week3/ros_project/build/CMakeFiles/CMakeTmp”
make[1]: *** [cmTC_8fb15] Error 1
Makefile:126: recipe for target 'cmTC_8fb15/fast' failed
make: *** [cmTC_8fb15/fast] Error 2


