Determining if the pthread_create exist failed with the following output:
Change Dir: /home/anifan/tutorial_2020/tasks/week3/ros_exercise/build/CMakeFiles/CMakeTmp

Run Build Command:"/usr/bin/make" "cmTC_57d3a/fast"
/usr/bin/make -f CMakeFiles/cmTC_57d3a.dir/build.make CMakeFiles/cmTC_57d3a.dir/build
make[1]: 进入目录“/home/anifan/tutorial_2020/tasks/week3/ros_exercise/build/CMakeFiles/CMakeTmp”
Building C object CMakeFiles/cmTC_57d3a.dir/CheckSymbolExists.c.o
/usr/bin/cc    -o CMakeFiles/cmTC_57d3a.dir/CheckSymbolExists.c.o   -c /home/anifan/tutorial_2020/tasks/week3/ros_exercise/build/CMakeFiles/CMakeTmp/CheckSymbolExists.c
Linking C executable cmTC_57d3a
/usr/bin/cmake -E cmake_link_script CMakeFiles/cmTC_57d3a.dir/link.txt --verbose=1
/usr/bin/cc      -rdynamic CMakeFiles/cmTC_57d3a.dir/CheckSymbolExists.c.o  -o cmTC_57d3a 
CMakeFiles/cmTC_57d3a.dir/CheckSymbolExists.c.o：在函数‘main’中：
CheckSymbolExists.c:(.text+0x1b)：对‘pthread_create’未定义的引用
collect2: error: ld returned 1 exit status
CMakeFiles/cmTC_57d3a.dir/build.make:97: recipe for target 'cmTC_57d3a' failed
make[1]: *** [cmTC_57d3a] Error 1
make[1]: 离开目录“/home/anifan/tutorial_2020/tasks/week3/ros_exercise/build/CMakeFiles/CMakeTmp”
Makefile:126: recipe for target 'cmTC_57d3a/fast' failed
make: *** [cmTC_57d3a/fast] Error 2

File /home/anifan/tutorial_2020/tasks/week3/ros_exercise/build/CMakeFiles/CMakeTmp/CheckSymbolExists.c:
/* */
#include <pthread.h>

int main(int argc, char** argv)
{
  (void)argv;
#ifndef pthread_create
  return ((int*)(&pthread_create))[argc];
#else
  (void)argc;
  return 0;
#endif
}

Determining if the function pthread_create exists in the pthreads failed with the following output:
Change Dir: /home/anifan/tutorial_2020/tasks/week3/ros_exercise/build/CMakeFiles/CMakeTmp

Run Build Command:"/usr/bin/make" "cmTC_83dfd/fast"
/usr/bin/make -f CMakeFiles/cmTC_83dfd.dir/build.make CMakeFiles/cmTC_83dfd.dir/build
make[1]: 进入目录“/home/anifan/tutorial_2020/tasks/week3/ros_exercise/build/CMakeFiles/CMakeTmp”
Building C object CMakeFiles/cmTC_83dfd.dir/CheckFunctionExists.c.o
/usr/bin/cc   -DCHECK_FUNCTION_EXISTS=pthread_create   -o CMakeFiles/cmTC_83dfd.dir/CheckFunctionExists.c.o   -c /usr/share/cmake-3.10/Modules/CheckFunctionExists.c
Linking C executable cmTC_83dfd
/usr/bin/cmake -E cmake_link_script CMakeFiles/cmTC_83dfd.dir/link.txt --verbose=1
/usr/bin/cc  -DCHECK_FUNCTION_EXISTS=pthread_create    -rdynamic CMakeFiles/cmTC_83dfd.dir/CheckFunctionExists.c.o  -o cmTC_83dfd -lpthreads 
/usr/bin/ld: 找不到 -lpthreads
collect2: error: ld returned 1 exit status
CMakeFiles/cmTC_83dfd.dir/build.make:97: recipe for target 'cmTC_83dfd' failed
make[1]: *** [cmTC_83dfd] Error 1
make[1]: 离开目录“/home/anifan/tutorial_2020/tasks/week3/ros_exercise/build/CMakeFiles/CMakeTmp”
Makefile:126: recipe for target 'cmTC_83dfd/fast' failed
make: *** [cmTC_83dfd/fast] Error 2


